<?xml version="1.0" encoding="UTF-8"?>
<testsuite xmlns:xsi="http://www.w3.org/2001/XMLSchema-instance" xsi:noNamespaceSchemaLocation="https://maven.apache.org/surefire/maven-surefire-plugin/xsd/surefire-test-report.xsd" name="guru.springframework.sfgrestdocsexample.web.controller.BeerControllerTest" time="1.738" tests="3" errors="0" skipped="0" failures="0">
  <properties>
[...]
</properties>
  <testcase name="updateBeerById" classname="guru.springframework.sfgrestdocsexample.web.controller.BeerControllerTest" time="0.437"/>
  <testcase name="saveNewBeer" classname="guru.springframework.sfgrestdocsexample.web.controller.BeerControllerTest" time="0.211"/>
  <testcase name="getBeerById" classname="guru.springframework.sfgrestdocsexample.web.controller.BeerControllerTest" time="0.081"/>
</testsuite>